2024-09-16 08:44:17,015 - Arquivo bruto carregado com sucesso.
2024-09-16 08:44:17,016 - Dados do cliente carregados com sucesso.
2024-09-16 08:46:22,043 - Arquivo bruto carregado com sucesso.
2024-09-16 08:46:22,043 - Dados do cliente carregados com sucesso.
2024-09-16 08:46:22,089 - Relatório PDF gerado: relatorio_joao.pdf
2024-09-16 08:46:22,089 - Script concluído com sucesso.
2024-09-16 21:55:51,840 - Arquivo bruto carregado com sucesso.
2024-09-16 21:55:51,869 - Dados do cliente carregados com sucesso.
2024-09-16 22:28:16,660 - Arquivo bruto carregado com sucesso.
2024-09-16 22:31:57,757 - Arquivo bruto carregado com sucesso.
2024-09-16 22:33:02,339 - Arquivo bruto carregado com sucesso.
2024-09-16 22:33:02,372 - Relatório PDF gerado: relatorio_Cliente XYZ.pdf
2024-09-16 22:33:02,372 - Script concluído com sucesso.
2024-09-16 22:51:43,084 - Arquivo bruto carregado com sucesso.
2024-09-16 22:51:43,086 - Relatório PDF gerado: relatorio_Cliente XYZ.pdf
2024-09-16 22:51:43,086 - Script concluído com sucesso.
2024-09-16 22:52:45,258 - Arquivo bruto carregado com sucesso.
2024-09-16 22:52:45,259 - Relatório PDF gerado: relatorio_Cliente XYZ.pdf
2024-09-16 22:52:45,259 - Script concluído com sucesso.
2024-09-16 23:05:38,443 - Arquivo bruto carregado com sucesso.
2024-09-16 23:05:38,445 - Relatório PDF gerado: relatorio_Cliente XYZ.pdf
2024-09-16 23:05:38,445 - Script concluído com sucesso.
2024-09-16 23:06:21,501 - Arquivo bruto carregado com sucesso.
2024-09-16 23:06:21,503 - Relatório PDF gerado: relatorio_Cliente XYZ.pdf
2024-09-16 23:06:21,503 - Script concluído com sucesso.
2024-09-16 23:07:52,680 - Arquivo bruto carregado com sucesso.
2024-09-16 23:07:52,682 - Relatório PDF gerado: relatorio_Cliente XYZ.pdf
2024-09-16 23:07:52,682 - Script concluído com sucesso.
2024-09-16 23:08:13,991 - Arquivo bruto carregado com sucesso.
2024-09-16 23:08:13,993 - Relatório PDF gerado: relatorio_Cliente XYZ.pdf
2024-09-16 23:08:13,993 - Script concluído com sucesso.
2024-09-16 23:08:32,371 - Arquivo bruto carregado com sucesso.
2024-09-16 23:08:32,374 - Relatório PDF gerado: relatorio_Cliente XYZ.pdf
2024-09-16 23:08:32,374 - Script concluído com sucesso.
2024-09-16 23:12:51,432 - Arquivo bruto carregado com sucesso.
2024-09-16 23:19:12,942 - Arquivo bruto carregado com sucesso.
2024-09-16 23:19:53,056 - Arquivo bruto carregado com sucesso.
2024-09-16 23:20:30,448 - Arquivo bruto carregado com sucesso.
2024-09-16 23:22:41,805 - Arquivo bruto carregado com sucesso.
2024-09-16 23:22:41,810 - Relatório PDF gerado: relatorio_Cliente XYZ.pdf
2024-09-16 23:22:41,810 - Script concluído com sucesso.
2024-09-16 23:24:21,632 - Arquivo bruto carregado com sucesso.
2024-09-16 23:25:30,921 - Arquivo bruto carregado com sucesso.
2024-09-16 23:25:30,925 - Relatório PDF gerado: relatorio_Cliente XYZ.pdf
2024-09-16 23:25:30,925 - Script concluído com sucesso.
2024-09-16 23:26:55,926 - Arquivo bruto carregado com sucesso.
2024-09-16 23:26:55,929 - Relatório PDF gerado: relatorio_Cliente XYZ.pdf
2024-09-16 23:26:55,929 - Script concluído com sucesso.
2024-09-16 23:27:52,227 - Arquivo bruto carregado com sucesso.
2024-09-16 23:29:16,586 - Arquivo bruto carregado com sucesso.
2024-09-16 23:30:13,367 - Arquivo bruto carregado com sucesso.
2024-09-16 23:30:34,370 - Arquivo bruto carregado com sucesso.
2024-09-16 23:30:34,374 - Relatório PDF gerado: relatorio_Cliente XYZ.pdf
2024-09-16 23:30:34,374 - Script concluído com sucesso.
2024-09-16 23:33:06,562 - Arquivo bruto carregado com sucesso.
2024-09-16 23:33:06,565 - Relatório PDF gerado: relatorio_Cliente XYZ.pdf
2024-09-16 23:33:06,565 - Script concluído com sucesso.
2024-09-16 23:34:14,737 - Arquivo bruto carregado com sucesso.
2024-09-16 23:34:50,206 - Arquivo bruto carregado com sucesso.
2024-09-16 23:34:50,211 - Relatório PDF gerado: relatorio_Cliente XYZ.pdf
2024-09-16 23:34:50,211 - Script concluído com sucesso.
2024-09-16 23:37:15,273 - Arquivo bruto carregado com sucesso.
2024-09-16 23:37:15,278 - Relatório PDF gerado: relatorio_Cliente XYZ.pdf
2024-09-16 23:37:15,278 - Script concluído com sucesso.
2024-09-16 23:38:04,343 - Arquivo bruto carregado com sucesso.
2024-09-16 23:38:04,346 - Relatório PDF gerado: relatorio_Cliente XYZ.pdf
2024-09-16 23:38:04,346 - Script concluído com sucesso.
2024-09-16 23:38:51,102 - Arquivo bruto carregado com sucesso.
2024-09-16 23:39:03,931 - Arquivo bruto carregado com sucesso.
2024-09-16 23:39:11,039 - Arquivo bruto carregado com sucesso.
2024-09-16 23:39:11,043 - Relatório PDF gerado: relatorio_Cliente XYZ.pdf
2024-09-16 23:39:11,043 - Script concluído com sucesso.
2024-09-16 23:41:38,530 - Arquivo bruto carregado com sucesso.
2024-09-16 23:41:38,539 - Relatório PDF gerado: relatorio_Cliente XYZ.pdf
2024-09-16 23:41:38,539 - Script concluído com sucesso.
2024-09-16 23:43:57,351 - Arquivo bruto carregado com sucesso.
2024-09-16 23:43:57,357 - Relatório PDF gerado: relatorio_Cliente XYZ.pdf
2024-09-16 23:43:57,357 - Script concluído com sucesso.
2024-09-16 23:44:33,649 - Arquivo bruto carregado com sucesso.
2024-09-16 23:44:33,654 - Relatório PDF gerado: relatorio_Cliente XYZ.pdf
2024-09-16 23:44:33,654 - Script concluído com sucesso.
2024-09-16 23:45:55,182 - Arquivo bruto carregado com sucesso.
2024-09-16 23:45:55,319 - Relatório PDF gerado: relatorio_Cliente XYZ.pdf
2024-09-16 23:45:55,319 - Script concluído com sucesso.
2024-09-16 23:46:38,482 - Arquivo bruto carregado com sucesso.
2024-09-16 23:46:38,485 - Relatório PDF gerado: relatorio_Cliente XYZ.pdf
2024-09-16 23:46:38,485 - Script concluído com sucesso.
2024-09-16 23:46:58,274 - Arquivo bruto carregado com sucesso.
2024-09-16 23:46:58,281 - Relatório PDF gerado: relatorio_Cliente XYZ.pdf
2024-09-16 23:46:58,282 - Script concluído com sucesso.
2024-09-16 23:47:12,492 - Arquivo bruto carregado com sucesso.
2024-09-16 23:47:12,498 - Relatório PDF gerado: relatorio_Cliente XYZ.pdf
2024-09-16 23:47:12,498 - Script concluído com sucesso.
2024-09-16 23:47:34,358 - Arquivo bruto carregado com sucesso.
2024-09-16 23:47:34,363 - Relatório PDF gerado: relatorio_Cliente XYZ.pdf
2024-09-16 23:47:34,364 - Script concluído com sucesso.
2024-09-16 23:48:04,673 - Arquivo bruto carregado com sucesso.
2024-09-16 23:48:04,678 - Relatório PDF gerado: relatorio_Cliente XYZ.pdf
2024-09-16 23:48:04,678 - Script concluído com sucesso.
2024-09-16 23:48:25,147 - Arquivo bruto carregado com sucesso.
2024-09-16 23:48:25,151 - Relatório PDF gerado: relatorio_Cliente XYZ.pdf
2024-09-16 23:48:25,151 - Script concluído com sucesso.
2024-09-16 23:48:43,196 - Arquivo bruto carregado com sucesso.
2024-09-16 23:48:43,201 - Relatório PDF gerado: relatorio_Cliente XYZ.pdf
2024-09-16 23:48:43,201 - Script concluído com sucesso.
2024-09-16 23:48:58,770 - Arquivo bruto carregado com sucesso.
2024-09-16 23:48:58,778 - Relatório PDF gerado: relatorio_Cliente XYZ.pdf
2024-09-16 23:48:58,780 - Script concluído com sucesso.
2024-09-16 23:49:15,062 - Arquivo bruto carregado com sucesso.
2024-09-16 23:49:15,095 - Relatório PDF gerado: relatorio_Cliente XYZ.pdf
2024-09-16 23:49:15,096 - Script concluído com sucesso.
2024-09-16 23:49:37,437 - Arquivo bruto carregado com sucesso.
2024-09-16 23:49:37,454 - Relatório PDF gerado: relatorio_Cliente XYZ.pdf
2024-09-16 23:49:37,455 - Script concluído com sucesso.
2024-09-16 23:50:08,172 - Arquivo bruto carregado com sucesso.
2024-09-16 23:50:08,178 - Relatório PDF gerado: relatorio_Cliente XYZ.pdf
2024-09-16 23:50:08,179 - Script concluído com sucesso.
2024-09-16 23:50:19,491 - Arquivo bruto carregado com sucesso.
2024-09-16 23:50:19,496 - Relatório PDF gerado: relatorio_Cliente XYZ.pdf
2024-09-16 23:50:19,496 - Script concluído com sucesso.
2024-09-16 23:50:31,993 - Arquivo bruto carregado com sucesso.
2024-09-16 23:50:32,002 - Relatório PDF gerado: relatorio_Cliente XYZ.pdf
2024-09-16 23:50:32,002 - Script concluído com sucesso.
2024-09-16 23:50:53,857 - Arquivo bruto carregado com sucesso.
2024-09-16 23:50:53,866 - Relatório PDF gerado: relatorio_Cliente XYZ.pdf
2024-09-16 23:50:53,867 - Script concluído com sucesso.
2024-09-16 23:51:51,289 - Arquivo bruto carregado com sucesso.
2024-09-16 23:51:51,298 - Relatório PDF gerado: relatorio_Cliente XYZ.pdf
2024-09-16 23:51:51,298 - Script concluído com sucesso.
2024-09-16 23:52:20,813 - Arquivo bruto carregado com sucesso.
2024-09-16 23:52:20,818 - Relatório PDF gerado: relatorio_Cliente XYZ.pdf
2024-09-16 23:52:20,818 - Script concluído com sucesso.
2024-09-16 23:53:20,732 - Arquivo bruto carregado com sucesso.
2024-09-16 23:53:20,735 - Relatório PDF gerado: relatorio_Cliente XYZ.pdf
2024-09-16 23:53:20,735 - Script concluído com sucesso.
2024-09-16 23:56:54,366 - Arquivo bruto carregado com sucesso.
2024-09-16 23:56:54,370 - Relatório PDF gerado: relatorio_Cliente XYZ.pdf
2024-09-16 23:56:54,371 - Script concluído com sucesso.
2024-09-16 23:57:21,282 - Arquivo bruto carregado com sucesso.
2024-09-16 23:57:21,286 - Relatório PDF gerado: relatorio_Cliente XYZ.pdf
2024-09-16 23:57:21,286 - Script concluído com sucesso.
2024-09-16 23:57:44,138 - Arquivo bruto carregado com sucesso.
2024-09-16 23:57:44,141 - Relatório PDF gerado: relatorio_Cliente XYZ.pdf
2024-09-16 23:57:44,141 - Script concluído com sucesso.
2024-09-16 23:58:04,116 - Arquivo bruto carregado com sucesso.
2024-09-16 23:58:04,120 - Relatório PDF gerado: relatorio_Cliente XYZ.pdf
2024-09-16 23:58:04,120 - Script concluído com sucesso.
2024-09-16 23:59:40,882 - Arquivo bruto carregado com sucesso.
2024-09-16 23:59:40,886 - Relatório PDF gerado: relatorio_Cliente XYZ.pdf
2024-09-16 23:59:40,886 - Script concluído com sucesso.
2024-09-17 00:00:12,669 - Arquivo bruto carregado com sucesso.
2024-09-17 00:00:12,673 - Relatório PDF gerado: relatorio_Cliente XYZ.pdf
2024-09-17 00:00:12,673 - Script concluído com sucesso.
2024-09-17 00:01:45,927 - Arquivo bruto carregado com sucesso.
2024-09-17 00:01:45,931 - Relatório PDF gerado: relatorio_Cliente XYZ.pdf
2024-09-17 00:01:45,931 - Script concluído com sucesso.
2024-09-17 00:02:13,527 - Arquivo bruto carregado com sucesso.
2024-09-17 00:02:13,532 - Relatório PDF gerado: relatorio_Cliente XYZ.pdf
2024-09-17 00:02:13,532 - Script concluído com sucesso.
2024-09-17 00:02:49,359 - Arquivo bruto carregado com sucesso.
2024-09-17 00:02:49,364 - Relatório PDF gerado: relatorio_Cliente XYZ.pdf
2024-09-17 00:02:49,364 - Script concluído com sucesso.
2024-09-17 00:03:58,504 - Arquivo bruto carregado com sucesso.
2024-09-17 00:03:58,507 - Relatório PDF gerado: relatorio_Cliente XYZ.pdf
2024-09-17 00:03:58,507 - Script concluído com sucesso.
2024-09-17 00:04:14,661 - Arquivo bruto carregado com sucesso.
2024-09-17 00:04:14,665 - Relatório PDF gerado: relatorio_Cliente XYZ.pdf
2024-09-17 00:04:14,665 - Script concluído com sucesso.
2024-09-17 00:04:49,654 - Arquivo bruto carregado com sucesso.
2024-09-17 00:04:49,658 - Relatório PDF gerado: relatorio_Cliente XYZ.pdf
2024-09-17 00:04:49,659 - Script concluído com sucesso.
2024-09-17 00:06:01,685 - Arquivo bruto carregado com sucesso.
2024-09-17 00:06:51,121 - Arquivo bruto carregado com sucesso.
2024-09-17 00:08:41,931 - Arquivo bruto carregado com sucesso.
2024-09-17 00:08:41,936 - Relatório PDF gerado: relatorio_Cliente XYZ.pdf
2024-09-17 00:08:41,936 - Script concluído com sucesso.
2024-09-17 00:09:18,114 - Arquivo bruto carregado com sucesso.
2024-09-17 00:09:18,118 - Relatório PDF gerado: relatorio_Cliente XYZ.pdf
2024-09-17 00:09:18,118 - Script concluído com sucesso.
2024-09-17 00:13:14,332 - Arquivo bruto carregado com sucesso.
2024-09-17 00:13:14,337 - Relatório PDF gerado: relatorio_Cliente XYZ.pdf
2024-09-17 00:13:14,337 - Script concluído com sucesso.
2024-09-17 00:15:30,718 - Arquivo bruto carregado com sucesso.
2024-09-17 00:15:30,722 - Relatório PDF gerado: relatorio_Cliente XYZ.pdf
2024-09-17 00:15:30,722 - Script concluído com sucesso.
2024-09-17 00:16:41,487 - Arquivo bruto carregado com sucesso.
2024-09-17 00:16:41,491 - Relatório PDF gerado: relatorio_Cliente XYZ.pdf
2024-09-17 00:16:41,491 - Script concluído com sucesso.
2024-09-17 00:17:28,821 - Arquivo bruto carregado com sucesso.
2024-09-17 00:17:28,825 - Relatório PDF gerado: relatorio_Cliente XYZ.pdf
2024-09-17 00:17:28,825 - Script concluído com sucesso.
2024-09-17 00:18:42,751 - Arquivo bruto carregado com sucesso.
2024-09-17 00:18:57,796 - Arquivo bruto carregado com sucesso.
2024-09-17 00:18:57,801 - Relatório PDF gerado: relatorio_Cliente XYZ.pdf
2024-09-17 00:18:57,801 - Script concluído com sucesso.
2024-09-17 00:19:37,005 - Arquivo bruto carregado com sucesso.
2024-09-17 00:19:37,009 - Relatório PDF gerado: relatorio_Cliente XYZ.pdf
2024-09-17 00:19:37,009 - Script concluído com sucesso.
2024-09-17 00:19:54,845 - Arquivo bruto carregado com sucesso.
2024-09-17 00:19:54,850 - Relatório PDF gerado: relatorio_Cliente XYZ.pdf
2024-09-17 00:19:54,850 - Script concluído com sucesso.
2024-09-17 00:20:19,395 - Arquivo bruto carregado com sucesso.
2024-09-17 00:20:19,399 - Relatório PDF gerado: relatorio_Cliente XYZ.pdf
2024-09-17 00:20:19,399 - Script concluído com sucesso.
2024-09-17 00:21:38,803 - Arquivo bruto carregado com sucesso.
2024-09-17 00:21:38,807 - Relatório PDF gerado: relatorio_Cliente XYZ.pdf
2024-09-17 00:21:38,807 - Script concluído com sucesso.
2024-09-17 00:22:23,419 - Arquivo bruto carregado com sucesso.
2024-09-17 00:22:23,424 - Relatório PDF gerado: relatorio_Cliente XYZ.pdf
2024-09-17 00:22:23,424 - Script concluído com sucesso.
2024-09-17 00:22:58,580 - Arquivo bruto carregado com sucesso.
2024-09-17 00:22:58,585 - Relatório PDF gerado: relatorio_Cliente XYZ.pdf
2024-09-17 00:22:58,585 - Script concluído com sucesso.
2024-09-17 00:23:31,350 - Arquivo bruto carregado com sucesso.
2024-09-17 00:23:31,354 - Relatório PDF gerado: relatorio_Cliente XYZ.pdf
2024-09-17 00:23:31,354 - Script concluído com sucesso.
2024-09-17 00:27:09,636 - Arquivo bruto carregado com sucesso.
2024-09-17 00:29:57,082 - Arquivo bruto carregado com sucesso.
2024-09-17 00:30:56,587 - Arquivo bruto carregado com sucesso.
2024-09-17 00:31:08,916 - Arquivo bruto carregado com sucesso.
2024-09-17 00:32:32,812 - Arquivo bruto carregado com sucesso.
2024-09-17 00:32:32,817 - Relatório PDF gerado: relatorio_Cliente XYZ.pdf
2024-09-17 00:32:32,817 - Script concluído com sucesso.
2024-09-17 00:33:23,313 - Arquivo bruto carregado com sucesso.
2024-09-17 00:33:23,317 - Relatório PDF gerado: relatorio_Cliente XYZ.pdf
2024-09-17 00:33:23,317 - Script concluído com sucesso.
2024-09-17 00:33:57,723 - Arquivo bruto carregado com sucesso.
2024-09-17 00:33:57,727 - Relatório PDF gerado: relatorio_Cliente XYZ.pdf
2024-09-17 00:33:57,727 - Script concluído com sucesso.
2024-09-17 00:36:19,526 - Arquivo bruto carregado com sucesso.
2024-09-17 00:36:19,530 - Relatório PDF gerado: relatorio_Cliente XYZ.pdf
2024-09-17 00:36:19,530 - Script concluído com sucesso.
2024-09-17 00:36:44,382 - Arquivo bruto carregado com sucesso.
2024-09-17 00:36:44,387 - Relatório PDF gerado: relatorio_Cliente XYZ.pdf
2024-09-17 00:36:44,387 - Script concluído com sucesso.
2024-09-17 00:37:42,428 - Arquivo bruto carregado com sucesso.
2024-09-17 00:37:42,433 - Relatório PDF gerado: relatorio_Cliente XYZ.pdf
2024-09-17 00:37:42,433 - Script concluído com sucesso.
2024-09-17 00:38:57,090 - Arquivo bruto carregado com sucesso.
2024-09-17 00:38:57,095 - Relatório PDF gerado: relatorio_Cliente XYZ.pdf
2024-09-17 00:38:57,095 - Script concluído com sucesso.
2024-09-17 00:39:20,304 - Arquivo bruto carregado com sucesso.
2024-09-17 00:39:20,307 - Relatório PDF gerado: relatorio_Cliente XYZ.pdf
2024-09-17 00:39:20,307 - Script concluído com sucesso.
2024-09-17 00:39:57,141 - Arquivo bruto carregado com sucesso.
2024-09-17 00:39:57,144 - Relatório PDF gerado: relatorio_Cliente XYZ.pdf
2024-09-17 00:39:57,145 - Script concluído com sucesso.
2024-09-17 00:44:12,281 - Arquivo bruto carregado com sucesso.
2024-09-17 00:44:12,281 - Relatório PDF gerado: relatorio_Cliente XYZ.pdf
2024-09-17 00:44:12,281 - Script concluído com sucesso.
2024-09-17 00:48:57,077 - Arquivo bruto carregado com sucesso.
2024-09-17 00:49:51,723 - Arquivo bruto carregado com sucesso.
2024-09-17 00:50:31,016 - Arquivo bruto carregado com sucesso.
2024-09-17 00:51:30,835 - Arquivo bruto carregado com sucesso.
2024-09-17 00:51:30,840 - Relatório PDF gerado: relatorio_Cliente XYZ.pdf
2024-09-17 00:51:30,841 - Script concluído com sucesso.
2024-09-17 00:53:42,412 - Arquivo bruto carregado com sucesso.
2024-09-17 00:53:42,415 - Relatório PDF gerado: relatorio_Cliente XYZ.pdf
2024-09-17 00:53:42,415 - Script concluído com sucesso.
2024-09-17 00:55:52,195 - Arquivo bruto carregado com sucesso.
2024-09-17 00:55:52,195 - Relatório PDF gerado: relatorio_Cliente XYZ.pdf
2024-09-17 00:55:52,195 - Script concluído com sucesso.
2024-09-17 00:57:59,676 - Arquivo bruto carregado com sucesso.
2024-09-17 00:57:59,680 - Relatório PDF gerado: relatorio_Cliente XYZ.pdf
2024-09-17 00:57:59,680 - Script concluído com sucesso.
2024-09-17 01:00:10,643 - Arquivo bruto carregado com sucesso.
2024-09-17 01:00:10,648 - Relatório PDF gerado: relatorio_Cliente XYZ.pdf
2024-09-17 01:00:10,648 - Script concluído com sucesso.
2024-09-17 01:00:39,929 - Arquivo bruto carregado com sucesso.
2024-09-17 01:00:39,934 - Relatório PDF gerado: relatorio_Cliente XYZ.pdf
2024-09-17 01:00:39,935 - Script concluído com sucesso.
2024-09-17 01:01:06,757 - Arquivo bruto carregado com sucesso.
2024-09-17 01:01:06,761 - Relatório PDF gerado: relatorio_Cliente XYZ.pdf
2024-09-17 01:01:06,761 - Script concluído com sucesso.
2024-09-17 01:02:02,476 - Arquivo bruto carregado com sucesso.
2024-09-17 01:02:02,481 - Relatório PDF gerado: relatorio_Cliente XYZ.pdf
2024-09-17 01:02:02,481 - Script concluído com sucesso.
2024-09-17 01:03:39,267 - Arquivo bruto carregado com sucesso.
2024-09-17 01:03:39,272 - Relatório PDF gerado: relatorio_Cliente XYZ.pdf
2024-09-17 01:03:39,272 - Script concluído com sucesso.
